<?xml version="1.0" encoding="UTF-8"?>
<!-- Generated by org.testng.reporters.JUnitReportReporter -->
<testsuite hostname="DESKTOP-81GRUB6" failures="0" tests="2" name="testNGFlags.Flag2Enabled" time="0.013" errors="0" timestamp="2023-05-26T10:09:28 IST" skipped="0">
  <testcase classname="testNGFlags.Flag2Enabled" name="method1" time="0.011"/>
  <system-out>
    <![CDATA[Login Perform!!]]>
  </system-out>
  <testcase classname="testNGFlags.Flag2Enabled" name="method2" time="0.002"/>
  <system-out>
    <![CDATA[Logout Perform!!]]>
  </system-out>
</testsuite> <!-- testNGFlags.Flag2Enabled -->
