<?xml version="1.0" encoding="UTF-8"?>
<!-- Generated by org.testng.reporters.JUnitReportReporter -->
<testsuite hostname="DESKTOP-81GRUB6" failures="0" tests="1" name="testNGpack2.Test3" time="12.864" errors="0" timestamp="2023-05-22T22:42:29 IST" skipped="0">
  <testcase classname="testNGpack2.Test3" name="test3Method" time="12.864"/>
  <system-out/>
</testsuite> <!-- testNGpack2.Test3 -->
