<?xml version="1.0" encoding="UTF-8"?>
<!-- Generated by org.testng.reporters.JUnitReportReporter -->
<testsuite hostname="DESKTOP-81GRUB6" failures="0" tests="3" name="testNGAnnotations.GoogleSearchTestCase" time="50.349" errors="0" timestamp="2023-05-24T09:49:03 IST" skipped="0">
  <testcase classname="testNGAnnotations.GoogleSearchTestCase" name="search3" time="18.447"/>
  <system-out/>
  <testcase classname="testNGAnnotations.GoogleSearchTestCase" name="search2" time="15.982"/>
  <system-out/>
  <testcase classname="testNGAnnotations.GoogleSearchTestCase" name="search1" time="15.920"/>
  <system-out/>
</testsuite> <!-- testNGAnnotations.GoogleSearchTestCase -->
