<?xml version="1.0" encoding="UTF-8"?>
<!-- Generated by org.testng.reporters.JUnitReportReporter -->
<testsuite hostname="DESKTOP-81GRUB6" failures="0" tests="3" name="testNGAnnotations.GoogleSearchTestCase" time="39.840" errors="0" timestamp="2023-05-26T10:02:15 IST" skipped="0">
  <testcase classname="testNGAnnotations.GoogleSearchTestCase" name="search3" time="14.518"/>
  <system-out/>
  <testcase classname="testNGAnnotations.GoogleSearchTestCase" name="search2" time="13.536"/>
  <system-out/>
  <testcase classname="testNGAnnotations.GoogleSearchTestCase" name="search1" time="11.786"/>
  <system-out/>
</testsuite> <!-- testNGAnnotations.GoogleSearchTestCase -->
