<?xml version="1.0" encoding="UTF-8"?>
<!-- Generated by org.testng.reporters.JUnitReportReporter -->
<testsuite hostname="DESKTOP-81GRUB6" failures="0" tests="2" name="testNGExecuton.SelectBrowser" time="9.735" errors="0" timestamp="2023-05-25T11:01:11 IST" skipped="0">
  <testcase classname="testNGExecuton.SelectBrowser" name="method1" time="3.399"/>
  <system-out/>
  <testcase classname="testNGExecuton.SelectBrowser" name="method1" time="6.336"/>
  <system-out/>
</testsuite> <!-- testNGExecuton.SelectBrowser -->
