<?xml version="1.0" encoding="UTF-8"?>
<!-- Generated by org.testng.reporters.JUnitReportReporter -->
<testsuite hostname="DESKTOP-81GRUB6" failures="0" tests="3" name="testNGpack2.DemoTest1" time="0.004" errors="0" timestamp="2023-05-23T09:42:20 IST" skipped="0">
  <testcase classname="testNGpack2.DemoTest1" name="a" time="0.001"/>
  <system-out>
    <![CDATA[a method from DemoTest1]]>
  </system-out>
  <testcase classname="testNGpack2.DemoTest1" name="c" time="0.002"/>
  <system-out>
    <![CDATA[c method from DemoTest2]]>
  </system-out>
  <testcase classname="testNGpack2.DemoTest1" name="b" time="0.001"/>
  <system-out>
    <![CDATA[b method from DemoTest2]]>
  </system-out>
</testsuite> <!-- testNGpack2.DemoTest1 -->
