<?xml version="1.0" encoding="UTF-8"?>
<!-- Generated by org.testng.reporters.JUnitReportReporter -->
<testsuite hostname="DESKTOP-81GRUB6" failures="0" tests="3" name="testNGFlags.Flag5DependsOn" time="0.013" errors="0" timestamp="2023-05-26T10:56:36 IST" skipped="0">
  <testcase classname="testNGFlags.Flag5DependsOn" name="logoutMethod" time="0.002"/>
  <system-out>
    <![CDATA[logout Performed!!!]]>
  </system-out>
  <testcase classname="testNGFlags.Flag5DependsOn" name="createUser" time="0.001"/>
  <system-out>
    <![CDATA[user Created!!]]>
  </system-out>
  <testcase classname="testNGFlags.Flag5DependsOn" name="loginMethod" time="0.010"/>
  <system-out>
    <![CDATA[login performed!!!]]>
  </system-out>
</testsuite> <!-- testNGFlags.Flag5DependsOn -->
