<?xml version="1.0" encoding="UTF-8"?>
<!-- Generated by org.testng.reporters.JUnitReportReporter -->
<testsuite hostname="DESKTOP-81GRUB6" failures="0" tests="1" name="testNGpackage.Remo" time="0.001" errors="0" timestamp="2023-05-22T10:32:57 IST" skipped="0">
  <testcase classname="testNGpackage.Remo" name="remoMethod" time="0.001"/>
  <system-out>
    <![CDATA[Hii Selenium!!!!]]>
  </system-out>
</testsuite> <!-- testNGpackage.Remo -->
