<?xml version="1.0" encoding="UTF-8"?>
<!-- Generated by org.testng.reporters.JUnitReportReporter -->
<testsuite hostname="DESKTOP-81GRUB6" failures="0" tests="2" name="testNGpackage.Demo" time="0.001" errors="0" timestamp="2023-05-22T10:32:57 IST" skipped="0">
  <testcase classname="testNGpackage.Demo" name="g" time="0.000"/>
  <system-out>
    <![CDATA[Hey Java!!!]]>
  </system-out>
  <testcase classname="testNGpackage.Demo" name="f" time="0.001"/>
  <system-out>
    <![CDATA[Hii TestNG!!!]]>
  </system-out>
</testsuite> <!-- testNGpackage.Demo -->
