<?xml version="1.0" encoding="UTF-8"?>
<!-- Generated by org.testng.reporters.JUnitReportReporter -->
<testsuite hostname="DESKTOP-81GRUB6" failures="0" tests="9" name="testNGFlags.Flag4Priority" time="0.026" errors="0" timestamp="2023-05-26T10:46:12 IST" skipped="0">
  <testcase classname="testNGFlags.Flag4Priority" name="d" time="0.013"/>
  <system-out>
    <![CDATA[d method]]>
  </system-out>
  <testcase classname="testNGFlags.Flag4Priority" name="a" time="0.002"/>
  <system-out>
    <![CDATA[a method]]>
  </system-out>
  <testcase classname="testNGFlags.Flag4Priority" name="f" time="0.002"/>
  <system-out>
    <![CDATA[f method]]>
  </system-out>
  <testcase classname="testNGFlags.Flag4Priority" name="m" time="0.001"/>
  <system-out>
    <![CDATA[m method]]>
  </system-out>
  <testcase classname="testNGFlags.Flag4Priority" name="k" time="0.002"/>
  <system-out>
    <![CDATA[k method]]>
  </system-out>
  <testcase classname="testNGFlags.Flag4Priority" name="p" time="0.002"/>
  <system-out>
    <![CDATA[p method]]>
  </system-out>
  <testcase classname="testNGFlags.Flag4Priority" name="z" time="0.001"/>
  <system-out>
    <![CDATA[z method]]>
  </system-out>
  <testcase classname="testNGFlags.Flag4Priority" name="r" time="0.002"/>
  <system-out>
    <![CDATA[r method]]>
  </system-out>
  <testcase classname="testNGFlags.Flag4Priority" name="y" time="0.001"/>
  <system-out>
    <![CDATA[y method]]>
  </system-out>
</testsuite> <!-- testNGFlags.Flag4Priority -->
