<?xml version="1.0" encoding="UTF-8"?>
<!-- Generated by org.testng.reporters.JUnitReportReporter -->
<testsuite hostname="DESKTOP-81GRUB6" failures="0" tests="2" name="testNGpack2.MethodExecution" time="0.026" errors="0" timestamp="2023-05-24T10:22:45 IST" skipped="0">
  <testcase classname="testNGpack2.MethodExecution" name="method1" time="0.013"/>
  <system-out>
    <![CDATA[18 : is the thread id of method
method 1]]>
  </system-out>
  <testcase classname="testNGpack2.MethodExecution" name="method2" time="0.013"/>
  <system-out>
    <![CDATA[19 : is the thread id of method
method 2]]>
  </system-out>
</testsuite> <!-- testNGpack2.MethodExecution -->
