<?xml version="1.0" encoding="UTF-8"?>
<!-- Generated by org.testng.reporters.JUnitReportReporter -->
<testsuite hostname="DESKTOP-81GRUB6" failures="0" tests="3" name="testNGAnnotations.GoogleSearchTestCase" time="35.999" errors="0" timestamp="2023-05-23T17:09:25 IST" skipped="0">
  <testcase classname="testNGAnnotations.GoogleSearchTestCase" name="search2" time="13.097"/>
  <system-out/>
  <testcase classname="testNGAnnotations.GoogleSearchTestCase" name="search1" time="12.996"/>
  <system-out/>
  <testcase classname="testNGAnnotations.GoogleSearchTestCase" name="search3" time="9.906"/>
  <system-out/>
</testsuite> <!-- testNGAnnotations.GoogleSearchTestCase -->
