<?xml version="1.0" encoding="UTF-8"?>
<!-- Generated by org.testng.reporters.JUnitReportReporter -->
<testsuite hostname="DESKTOP-81GRUB6" failures="0" tests="100" name="testNGFlags.Flag3InvocationCount" time="0.090" errors="0" timestamp="2023-05-26T10:21:24 IST" skipped="0">
  <testcase classname="testNGFlags.Flag3InvocationCount" name="method1" time="0.001"/>
  <system-out>
    <![CDATA[Login Test Case!!!]]>
  </system-out>
  <testcase classname="testNGFlags.Flag3InvocationCount" name="method1" time="0.001"/>
  <system-out>
    <![CDATA[Login Test Case!!!]]>
  </system-out>
  <testcase classname="testNGFlags.Flag3InvocationCount" name="method1" time="0.000"/>
  <system-out>
    <![CDATA[Login Test Case!!!]]>
  </system-out>
  <testcase classname="testNGFlags.Flag3InvocationCount" name="method1" time="0.001"/>
  <system-out>
    <![CDATA[Login Test Case!!!]]>
  </system-out>
  <testcase classname="testNGFlags.Flag3InvocationCount" name="method1" time="0.001"/>
  <system-out>
    <![CDATA[Login Test Case!!!]]>
  </system-out>
  <testcase classname="testNGFlags.Flag3InvocationCount" name="method1" time="0.000"/>
  <system-out>
    <![CDATA[Login Test Case!!!]]>
  </system-out>
  <testcase classname="testNGFlags.Flag3InvocationCount" name="method1" time="0.000"/>
  <system-out>
    <![CDATA[Login Test Case!!!]]>
  </system-out>
  <testcase classname="testNGFlags.Flag3InvocationCount" name="method1" time="0.001"/>
  <system-out>
    <![CDATA[Login Test Case!!!]]>
  </system-out>
  <testcase classname="testNGFlags.Flag3InvocationCount" name="method1" time="0.000"/>
  <system-out>
    <![CDATA[Login Test Case!!!]]>
  </system-out>
  <testcase classname="testNGFlags.Flag3InvocationCount" name="method1" time="0.001"/>
  <system-out>
    <![CDATA[Login Test Case!!!]]>
  </system-out>
  <testcase classname="testNGFlags.Flag3InvocationCount" name="method1" time="0.001"/>
  <system-out>
    <![CDATA[Login Test Case!!!]]>
  </system-out>
  <testcase classname="testNGFlags.Flag3InvocationCount" name="method1" time="0.001"/>
  <system-out>
    <![CDATA[Login Test Case!!!]]>
  </system-out>
  <testcase classname="testNGFlags.Flag3InvocationCount" name="method1" time="0.000"/>
  <system-out>
    <![CDATA[Login Test Case!!!]]>
  </system-out>
  <testcase classname="testNGFlags.Flag3InvocationCount" name="method1" time="0.001"/>
  <system-out>
    <![CDATA[Login Test Case!!!]]>
  </system-out>
  <testcase classname="testNGFlags.Flag3InvocationCount" name="method1" time="0.001"/>
  <system-out>
    <![CDATA[Login Test Case!!!]]>
  </system-out>
  <testcase classname="testNGFlags.Flag3InvocationCount" name="method1" time="0.002"/>
  <system-out>
    <![CDATA[Login Test Case!!!]]>
  </system-out>
  <testcase classname="testNGFlags.Flag3InvocationCount" name="method1" time="0.000"/>
  <system-out>
    <![CDATA[Login Test Case!!!]]>
  </system-out>
  <testcase classname="testNGFlags.Flag3InvocationCount" name="method1" time="0.001"/>
  <system-out>
    <![CDATA[Login Test Case!!!]]>
  </system-out>
  <testcase classname="testNGFlags.Flag3InvocationCount" name="method1" time="0.000"/>
  <system-out>
    <![CDATA[Login Test Case!!!]]>
  </system-out>
  <testcase classname="testNGFlags.Flag3InvocationCount" name="method1" time="0.001"/>
  <system-out>
    <![CDATA[Login Test Case!!!]]>
  </system-out>
  <testcase classname="testNGFlags.Flag3InvocationCount" name="method1" time="0.000"/>
  <system-out>
    <![CDATA[Login Test Case!!!]]>
  </system-out>
  <testcase classname="testNGFlags.Flag3InvocationCount" name="method1" time="0.001"/>
  <system-out>
    <![CDATA[Login Test Case!!!]]>
  </system-out>
  <testcase classname="testNGFlags.Flag3InvocationCount" name="method1" time="0.001"/>
  <system-out>
    <![CDATA[Login Test Case!!!]]>
  </system-out>
  <testcase classname="testNGFlags.Flag3InvocationCount" name="method1" time="0.001"/>
  <system-out>
    <![CDATA[Login Test Case!!!]]>
  </system-out>
  <testcase classname="testNGFlags.Flag3InvocationCount" name="method1" time="0.001"/>
  <system-out>
    <![CDATA[Login Test Case!!!]]>
  </system-out>
  <testcase classname="testNGFlags.Flag3InvocationCount" name="method1" time="0.001"/>
  <system-out>
    <![CDATA[Login Test Case!!!]]>
  </system-out>
  <testcase classname="testNGFlags.Flag3InvocationCount" name="method1" time="0.001"/>
  <system-out>
    <![CDATA[Login Test Case!!!]]>
  </system-out>
  <testcase classname="testNGFlags.Flag3InvocationCount" name="method1" time="0.001"/>
  <system-out>
    <![CDATA[Login Test Case!!!]]>
  </system-out>
  <testcase classname="testNGFlags.Flag3InvocationCount" name="method1" time="0.000"/>
  <system-out>
    <![CDATA[Login Test Case!!!]]>
  </system-out>
  <testcase classname="testNGFlags.Flag3InvocationCount" name="method1" time="0.000"/>
  <system-out>
    <![CDATA[Login Test Case!!!]]>
  </system-out>
  <testcase classname="testNGFlags.Flag3InvocationCount" name="method1" time="0.001"/>
  <system-out>
    <![CDATA[Login Test Case!!!]]>
  </system-out>
  <testcase classname="testNGFlags.Flag3InvocationCount" name="method1" time="0.000"/>
  <system-out>
    <![CDATA[Login Test Case!!!]]>
  </system-out>
  <testcase classname="testNGFlags.Flag3InvocationCount" name="method1" time="0.001"/>
  <system-out>
    <![CDATA[Login Test Case!!!]]>
  </system-out>
  <testcase classname="testNGFlags.Flag3InvocationCount" name="method1" time="0.001"/>
  <system-out>
    <![CDATA[Login Test Case!!!]]>
  </system-out>
  <testcase classname="testNGFlags.Flag3InvocationCount" name="method1" time="0.001"/>
  <system-out>
    <![CDATA[Login Test Case!!!]]>
  </system-out>
  <testcase classname="testNGFlags.Flag3InvocationCount" name="method1" time="0.000"/>
  <system-out>
    <![CDATA[Login Test Case!!!]]>
  </system-out>
  <testcase classname="testNGFlags.Flag3InvocationCount" name="method1" time="0.001"/>
  <system-out>
    <![CDATA[Login Test Case!!!]]>
  </system-out>
  <testcase classname="testNGFlags.Flag3InvocationCount" name="method1" time="0.000"/>
  <system-out>
    <![CDATA[Login Test Case!!!]]>
  </system-out>
  <testcase classname="testNGFlags.Flag3InvocationCount" name="method1" time="0.001"/>
  <system-out>
    <![CDATA[Login Test Case!!!]]>
  </system-out>
  <testcase classname="testNGFlags.Flag3InvocationCount" name="method1" time="0.001"/>
  <system-out>
    <![CDATA[Login Test Case!!!]]>
  </system-out>
  <testcase classname="testNGFlags.Flag3InvocationCount" name="method1" time="0.001"/>
  <system-out>
    <![CDATA[Login Test Case!!!]]>
  </system-out>
  <testcase classname="testNGFlags.Flag3InvocationCount" name="method1" time="0.000"/>
  <system-out>
    <![CDATA[Login Test Case!!!]]>
  </system-out>
  <testcase classname="testNGFlags.Flag3InvocationCount" name="method1" time="0.002"/>
  <system-out>
    <![CDATA[Login Test Case!!!]]>
  </system-out>
  <testcase classname="testNGFlags.Flag3InvocationCount" name="method1" time="0.001"/>
  <system-out>
    <![CDATA[Login Test Case!!!]]>
  </system-out>
  <testcase classname="testNGFlags.Flag3InvocationCount" name="method1" time="0.000"/>
  <system-out>
    <![CDATA[Login Test Case!!!]]>
  </system-out>
  <testcase classname="testNGFlags.Flag3InvocationCount" name="method1" time="0.009"/>
  <system-out>
    <![CDATA[Login Test Case!!!]]>
  </system-out>
  <testcase classname="testNGFlags.Flag3InvocationCount" name="method1" time="0.000"/>
  <system-out>
    <![CDATA[Login Test Case!!!]]>
  </system-out>
  <testcase classname="testNGFlags.Flag3InvocationCount" name="method1" time="0.000"/>
  <system-out>
    <![CDATA[Login Test Case!!!]]>
  </system-out>
  <testcase classname="testNGFlags.Flag3InvocationCount" name="method1" time="0.000"/>
  <system-out>
    <![CDATA[Login Test Case!!!]]>
  </system-out>
  <testcase classname="testNGFlags.Flag3InvocationCount" name="method1" time="0.002"/>
  <system-out>
    <![CDATA[Login Test Case!!!]]>
  </system-out>
  <testcase classname="testNGFlags.Flag3InvocationCount" name="method1" time="0.001"/>
  <system-out>
    <![CDATA[Login Test Case!!!]]>
  </system-out>
  <testcase classname="testNGFlags.Flag3InvocationCount" name="method1" time="0.000"/>
  <system-out>
    <![CDATA[Login Test Case!!!]]>
  </system-out>
  <testcase classname="testNGFlags.Flag3InvocationCount" name="method1" time="0.001"/>
  <system-out>
    <![CDATA[Login Test Case!!!]]>
  </system-out>
  <testcase classname="testNGFlags.Flag3InvocationCount" name="method1" time="0.001"/>
  <system-out>
    <![CDATA[Login Test Case!!!]]>
  </system-out>
  <testcase classname="testNGFlags.Flag3InvocationCount" name="method1" time="0.010"/>
  <system-out>
    <![CDATA[Login Test Case!!!]]>
  </system-out>
  <testcase classname="testNGFlags.Flag3InvocationCount" name="method1" time="0.001"/>
  <system-out>
    <![CDATA[Login Test Case!!!]]>
  </system-out>
  <testcase classname="testNGFlags.Flag3InvocationCount" name="method1" time="0.001"/>
  <system-out>
    <![CDATA[Login Test Case!!!]]>
  </system-out>
  <testcase classname="testNGFlags.Flag3InvocationCount" name="method1" time="0.001"/>
  <system-out>
    <![CDATA[Login Test Case!!!]]>
  </system-out>
  <testcase classname="testNGFlags.Flag3InvocationCount" name="method1" time="0.000"/>
  <system-out>
    <![CDATA[Login Test Case!!!]]>
  </system-out>
  <testcase classname="testNGFlags.Flag3InvocationCount" name="method1" time="0.001"/>
  <system-out>
    <![CDATA[Login Test Case!!!]]>
  </system-out>
  <testcase classname="testNGFlags.Flag3InvocationCount" name="method1" time="0.000"/>
  <system-out>
    <![CDATA[Login Test Case!!!]]>
  </system-out>
  <testcase classname="testNGFlags.Flag3InvocationCount" name="method1" time="0.001"/>
  <system-out>
    <![CDATA[Login Test Case!!!]]>
  </system-out>
  <testcase classname="testNGFlags.Flag3InvocationCount" name="method1" time="0.000"/>
  <system-out>
    <![CDATA[Login Test Case!!!]]>
  </system-out>
  <testcase classname="testNGFlags.Flag3InvocationCount" name="method1" time="0.001"/>
  <system-out>
    <![CDATA[Login Test Case!!!]]>
  </system-out>
  <testcase classname="testNGFlags.Flag3InvocationCount" name="method1" time="0.001"/>
  <system-out>
    <![CDATA[Login Test Case!!!]]>
  </system-out>
  <testcase classname="testNGFlags.Flag3InvocationCount" name="method1" time="0.000"/>
  <system-out>
    <![CDATA[Login Test Case!!!]]>
  </system-out>
  <testcase classname="testNGFlags.Flag3InvocationCount" name="method1" time="0.001"/>
  <system-out>
    <![CDATA[Login Test Case!!!]]>
  </system-out>
  <testcase classname="testNGFlags.Flag3InvocationCount" name="method1" time="0.001"/>
  <system-out>
    <![CDATA[Login Test Case!!!]]>
  </system-out>
  <testcase classname="testNGFlags.Flag3InvocationCount" name="method1" time="0.000"/>
  <system-out>
    <![CDATA[Login Test Case!!!]]>
  </system-out>
  <testcase classname="testNGFlags.Flag3InvocationCount" name="method1" time="0.002"/>
  <system-out>
    <![CDATA[Login Test Case!!!]]>
  </system-out>
  <testcase classname="testNGFlags.Flag3InvocationCount" name="method1" time="0.001"/>
  <system-out>
    <![CDATA[Login Test Case!!!]]>
  </system-out>
  <testcase classname="testNGFlags.Flag3InvocationCount" name="method1" time="0.001"/>
  <system-out>
    <![CDATA[Login Test Case!!!]]>
  </system-out>
  <testcase classname="testNGFlags.Flag3InvocationCount" name="method1" time="0.002"/>
  <system-out>
    <![CDATA[Login Test Case!!!]]>
  </system-out>
  <testcase classname="testNGFlags.Flag3InvocationCount" name="method1" time="0.001"/>
  <system-out>
    <![CDATA[Login Test Case!!!]]>
  </system-out>
  <testcase classname="testNGFlags.Flag3InvocationCount" name="method1" time="0.000"/>
  <system-out>
    <![CDATA[Login Test Case!!!]]>
  </system-out>
  <testcase classname="testNGFlags.Flag3InvocationCount" name="method1" time="0.001"/>
  <system-out>
    <![CDATA[Login Test Case!!!]]>
  </system-out>
  <testcase classname="testNGFlags.Flag3InvocationCount" name="method1" time="0.001"/>
  <system-out>
    <![CDATA[Login Test Case!!!]]>
  </system-out>
  <testcase classname="testNGFlags.Flag3InvocationCount" name="method1" time="0.001"/>
  <system-out>
    <![CDATA[Login Test Case!!!]]>
  </system-out>
  <testcase classname="testNGFlags.Flag3InvocationCount" name="method1" time="0.002"/>
  <system-out>
    <![CDATA[Login Test Case!!!]]>
  </system-out>
  <testcase classname="testNGFlags.Flag3InvocationCount" name="method1" time="0.000"/>
  <system-out>
    <![CDATA[Login Test Case!!!]]>
  </system-out>
  <testcase classname="testNGFlags.Flag3InvocationCount" name="method1" time="0.001"/>
  <system-out>
    <![CDATA[Login Test Case!!!]]>
  </system-out>
  <testcase classname="testNGFlags.Flag3InvocationCount" name="method1" time="0.001"/>
  <system-out>
    <![CDATA[Login Test Case!!!]]>
  </system-out>
  <testcase classname="testNGFlags.Flag3InvocationCount" name="method1" time="0.000"/>
  <system-out>
    <![CDATA[Login Test Case!!!]]>
  </system-out>
  <testcase classname="testNGFlags.Flag3InvocationCount" name="method1" time="0.001"/>
  <system-out>
    <![CDATA[Login Test Case!!!]]>
  </system-out>
  <testcase classname="testNGFlags.Flag3InvocationCount" name="method1" time="0.000"/>
  <system-out>
    <![CDATA[Login Test Case!!!]]>
  </system-out>
  <testcase classname="testNGFlags.Flag3InvocationCount" name="method1" time="0.000"/>
  <system-out>
    <![CDATA[Login Test Case!!!]]>
  </system-out>
  <testcase classname="testNGFlags.Flag3InvocationCount" name="method1" time="0.001"/>
  <system-out>
    <![CDATA[Login Test Case!!!]]>
  </system-out>
  <testcase classname="testNGFlags.Flag3InvocationCount" name="method1" time="0.002"/>
  <system-out>
    <![CDATA[Login Test Case!!!]]>
  </system-out>
  <testcase classname="testNGFlags.Flag3InvocationCount" name="method1" time="0.001"/>
  <system-out>
    <![CDATA[Login Test Case!!!]]>
  </system-out>
  <testcase classname="testNGFlags.Flag3InvocationCount" name="method1" time="0.001"/>
  <system-out>
    <![CDATA[Login Test Case!!!]]>
  </system-out>
  <testcase classname="testNGFlags.Flag3InvocationCount" name="method1" time="0.000"/>
  <system-out>
    <![CDATA[Login Test Case!!!]]>
  </system-out>
  <testcase classname="testNGFlags.Flag3InvocationCount" name="method1" time="0.001"/>
  <system-out>
    <![CDATA[Login Test Case!!!]]>
  </system-out>
  <testcase classname="testNGFlags.Flag3InvocationCount" name="method1" time="0.001"/>
  <system-out>
    <![CDATA[Login Test Case!!!]]>
  </system-out>
  <testcase classname="testNGFlags.Flag3InvocationCount" name="method1" time="0.001"/>
  <system-out>
    <![CDATA[Login Test Case!!!]]>
  </system-out>
  <testcase classname="testNGFlags.Flag3InvocationCount" name="method1" time="0.000"/>
  <system-out>
    <![CDATA[Login Test Case!!!]]>
  </system-out>
  <testcase classname="testNGFlags.Flag3InvocationCount" name="method1" time="0.001"/>
  <system-out>
    <![CDATA[Login Test Case!!!]]>
  </system-out>
  <testcase classname="testNGFlags.Flag3InvocationCount" name="method1" time="0.001"/>
  <system-out>
    <![CDATA[Login Test Case!!!]]>
  </system-out>
  <testcase classname="testNGFlags.Flag3InvocationCount" name="method1" time="0.000"/>
  <system-out>
    <![CDATA[Login Test Case!!!]]>
  </system-out>
  <testcase classname="testNGFlags.Flag3InvocationCount" name="method1" time="0.000"/>
  <system-out>
    <![CDATA[Login Test Case!!!]]>
  </system-out>
  <testcase classname="testNGFlags.Flag3InvocationCount" name="method1" time="0.000"/>
  <system-out>
    <![CDATA[Login Test Case!!!]]>
  </system-out>
</testsuite> <!-- testNGFlags.Flag3InvocationCount -->
