<?xml version="1.0" encoding="UTF-8"?>
<!-- Generated by org.testng.reporters.JUnitReportReporter -->
<testsuite hostname="DESKTOP-81GRUB6" failures="0" tests="1" name="testNGpack2.Test3" time="21.743" errors="0" timestamp="2023-05-24T09:56:15 IST" skipped="0">
  <testcase classname="testNGpack2.Test3" name="test3Method" time="21.743"/>
  <system-out/>
</testsuite> <!-- testNGpack2.Test3 -->
